{"level":"\u001b[32minfo\u001b[39m","message":"{\"method\":\"GET\",\"url\":\"/\",\"status\":\"200\",\"responseTime\":\"3.996\"}","timestamp":"2026-02-05T18:21:00.645Z"}
{"level":"\u001b[32minfo\u001b[39m","message":"{\"method\":\"GET\",\"url\":\"/favicon.ico\",\"status\":\"404\",\"responseTime\":\"2.014\"}","timestamp":"2026-02-05T18:21:00.683Z"}
{"level":"\u001b[32minfo\u001b[39m","message":"{\"method\":\"GET\",\"url\":\"/api-docs\",\"status\":\"301\",\"responseTime\":\"1.505\"}","timestamp":"2026-02-05T18:21:07.982Z"}
{"level":"\u001b[32minfo\u001b[39m","message":"{\"method\":\"GET\",\"url\":\"/api-docs/\",\"status\":\"200\",\"responseTime\":\"1.049\"}","timestamp":"2026-02-05T18:21:07.988Z"}
{"level":"\u001b[32minfo\u001b[39m","message":"{\"method\":\"GET\",\"url\":\"/api-docs/swagger-ui.css\",\"status\":\"200\",\"responseTime\":\"1.827\"}","timestamp":"2026-02-05T18:21:08.010Z"}
{"level":"\u001b[32minfo\u001b[39m","message":"{\"method\":\"GET\",\"url\":\"/api-docs/swagger-ui-init.js\",\"status\":\"200\",\"responseTime\":\"0.238\"}","timestamp":"2026-02-05T18:21:08.015Z"}
{"level":"\u001b[32minfo\u001b[39m","message":"{\"method\":\"GET\",\"url\":\"/api-docs/swagger-ui-standalone-preset.js\",\"status\":\"200\",\"responseTime\":\"3.758\"}","timestamp":"2026-02-05T18:21:08.020Z"}
{"level":"\u001b[32minfo\u001b[39m","message":"{\"method\":\"GET\",\"url\":\"/api-docs/swagger-ui-bundle.js\",\"status\":\"200\",\"responseTime\":\"3.685\"}","timestamp":"2026-02-05T18:21:08.027Z"}
{"level":"\u001b[32minfo\u001b[39m","message":"{\"method\":\"GET\",\"url\":\"/api-docs/favicon-32x32.png\",\"status\":\"200\",\"responseTime\":\"0.493\"}","timestamp":"2026-02-05T18:21:08.235Z"}
{"level":"\u001b[32minfo\u001b[39m","message":"{\"method\":\"GET\",\"url\":\"/api-docs/\",\"status\":\"304\",\"responseTime\":\"4.303\"}","timestamp":"2026-02-05T18:29:18.720Z"}
{"level":"\u001b[32minfo\u001b[39m","message":"{\"method\":\"GET\",\"url\":\"/api-docs/swagger-ui.css\",\"status\":\"304\",\"responseTime\":\"2.455\"}","timestamp":"2026-02-05T18:29:18.740Z"}
{"level":"\u001b[32minfo\u001b[39m","message":"{\"method\":\"GET\",\"url\":\"/api-docs/swagger-ui-bundle.js\",\"status\":\"304\",\"responseTime\":\"4.473\"}","timestamp":"2026-02-05T18:29:18.742Z"}
{"level":"\u001b[32minfo\u001b[39m","message":"{\"method\":\"GET\",\"url\":\"/api-docs/swagger-ui-init.js\",\"status\":\"304\",\"responseTime\":\"0.238\"}","timestamp":"2026-02-05T18:29:18.745Z"}
{"level":"\u001b[32minfo\u001b[39m","message":"{\"method\":\"GET\",\"url\":\"/api-docs/swagger-ui-standalone-preset.js\",\"status\":\"304\",\"responseTime\":\"1.625\"}","timestamp":"2026-02-05T18:29:18.746Z"}
{"level":"\u001b[32minfo\u001b[39m","message":"{\"method\":\"GET\",\"url\":\"/api-docs/favicon-32x32.png\",\"status\":\"304\",\"responseTime\":\"0.804\"}","timestamp":"2026-02-05T18:29:18.920Z"}
{"level":"\u001b[32minfo\u001b[39m","message":"{\"method\":\"GET\",\"url\":\"/api-docs/\",\"status\":\"304\",\"responseTime\":\"5.608\"}","timestamp":"2026-02-05T18:34:56.177Z"}
{"level":"\u001b[32minfo\u001b[39m","message":"{\"method\":\"GET\",\"url\":\"/api-docs/swagger-ui.css\",\"status\":\"304\",\"responseTime\":\"1.399\"}","timestamp":"2026-02-05T18:34:56.194Z"}
{"level":"\u001b[32minfo\u001b[39m","message":"{\"method\":\"GET\",\"url\":\"/api-docs/swagger-ui-bundle.js\",\"status\":\"304\",\"responseTime\":\"2.023\"}","timestamp":"2026-02-05T18:34:56.200Z"}
{"level":"\u001b[32minfo\u001b[39m","message":"{\"method\":\"GET\",\"url\":\"/api-docs/swagger-ui-init.js\",\"status\":\"304\",\"responseTime\":\"0.167\"}","timestamp":"2026-02-05T18:34:56.203Z"}
{"level":"\u001b[32minfo\u001b[39m","message":"{\"method\":\"GET\",\"url\":\"/api-docs/swagger-ui-standalone-preset.js\",\"status\":\"304\",\"responseTime\":\"2.085\"}","timestamp":"2026-02-05T18:34:56.205Z"}
{"level":"\u001b[32minfo\u001b[39m","message":"{\"method\":\"GET\",\"url\":\"/api-docs/favicon-32x32.png\",\"status\":\"304\",\"responseTime\":\"0.634\"}","timestamp":"2026-02-05T18:34:56.255Z"}
{"level":"\u001b[32minfo\u001b[39m","message":"{\"method\":\"GET\",\"url\":\"/api-docs/\",\"status\":\"304\",\"responseTime\":\"1.573\"}","timestamp":"2026-02-05T18:34:57.783Z"}
{"level":"\u001b[32minfo\u001b[39m","message":"{\"method\":\"GET\",\"url\":\"/api-docs/swagger-ui.css\",\"status\":\"304\",\"responseTime\":\"0.346\"}","timestamp":"2026-02-05T18:34:57.802Z"}
{"level":"\u001b[32minfo\u001b[39m","message":"{\"method\":\"GET\",\"url\":\"/api-docs/swagger-ui-init.js\",\"status\":\"304\",\"responseTime\":\"0.196\"}","timestamp":"2026-02-05T18:34:57.807Z"}
{"level":"\u001b[32minfo\u001b[39m","message":"{\"method\":\"GET\",\"url\":\"/api-docs/swagger-ui-bundle.js\",\"status\":\"304\",\"responseTime\":\"2.515\"}","timestamp":"2026-02-05T18:34:57.809Z"}
{"level":"\u001b[32minfo\u001b[39m","message":"{\"method\":\"GET\",\"url\":\"/api-docs/swagger-ui-standalone-preset.js\",\"status\":\"304\",\"responseTime\":\"3.339\"}","timestamp":"2026-02-05T18:34:57.810Z"}
{"level":"\u001b[32minfo\u001b[39m","message":"{\"method\":\"GET\",\"url\":\"/api-docs/favicon-32x32.png\",\"status\":\"304\",\"responseTime\":\"0.494\"}","timestamp":"2026-02-05T18:34:57.856Z"}
{"level":"\u001b[32minfo\u001b[39m","message":"{\"method\":\"GET\",\"url\":\"/api-docs/\",\"status\":\"304\",\"responseTime\":\"4.397\"}","timestamp":"2026-02-05T18:35:30.294Z"}
{"level":"\u001b[32minfo\u001b[39m","message":"{\"method\":\"GET\",\"url\":\"/api-docs/swagger-ui.css\",\"status\":\"304\",\"responseTime\":\"1.575\"}","timestamp":"2026-02-05T18:35:30.310Z"}
{"level":"\u001b[32minfo\u001b[39m","message":"{\"method\":\"GET\",\"url\":\"/api-docs/swagger-ui-bundle.js\",\"status\":\"304\",\"responseTime\":\"1.506\"}","timestamp":"2026-02-05T18:35:30.313Z"}
{"level":"\u001b[32minfo\u001b[39m","message":"{\"method\":\"GET\",\"url\":\"/api-docs/swagger-ui-init.js\",\"status\":\"200\",\"responseTime\":\"0.358\"}","timestamp":"2026-02-05T18:35:30.315Z"}
{"level":"\u001b[32minfo\u001b[39m","message":"{\"method\":\"GET\",\"url\":\"/api-docs/swagger-ui-standalone-preset.js\",\"status\":\"304\",\"responseTime\":\"2.482\"}","timestamp":"2026-02-05T18:35:30.317Z"}
{"level":"\u001b[32minfo\u001b[39m","message":"{\"method\":\"GET\",\"url\":\"/api-docs/favicon-32x32.png\",\"status\":\"304\",\"responseTime\":\"0.381\"}","timestamp":"2026-02-05T18:35:30.365Z"}
{"level":"\u001b[32minfo\u001b[39m","message":"{\"method\":\"GET\",\"url\":\"/api-docs/\",\"status\":\"304\",\"responseTime\":\"4.021\"}","timestamp":"2026-02-05T18:35:40.518Z"}
{"level":"\u001b[32minfo\u001b[39m","message":"{\"method\":\"GET\",\"url\":\"/api-docs/swagger-ui.css\",\"status\":\"304\",\"responseTime\":\"1.756\"}","timestamp":"2026-02-05T18:35:40.530Z"}
{"level":"\u001b[32minfo\u001b[39m","message":"{\"method\":\"GET\",\"url\":\"/api-docs/swagger-ui-bundle.js\",\"status\":\"304\",\"responseTime\":\"2.809\"}","timestamp":"2026-02-05T18:35:40.531Z"}
{"level":"\u001b[32minfo\u001b[39m","message":"{\"method\":\"GET\",\"url\":\"/api-docs/swagger-ui-init.js\",\"status\":\"200\",\"responseTime\":\"0.456\"}","timestamp":"2026-02-05T18:35:40.535Z"}
{"level":"\u001b[32minfo\u001b[39m","message":"{\"method\":\"GET\",\"url\":\"/api-docs/swagger-ui-standalone-preset.js\",\"status\":\"304\",\"responseTime\":\"7.250\"}","timestamp":"2026-02-05T18:35:40.536Z"}
{"level":"\u001b[32minfo\u001b[39m","message":"{\"method\":\"GET\",\"url\":\"/api-docs/favicon-32x32.png\",\"status\":\"304\",\"responseTime\":\"0.315\"}","timestamp":"2026-02-05T18:35:40.579Z"}
{"level":"\u001b[32minfo\u001b[39m","message":"{\"method\":\"GET\",\"url\":\"/api-docs/\",\"status\":\"304\",\"responseTime\":\"4.205\"}","timestamp":"2026-02-05T18:36:06.619Z"}
{"level":"\u001b[32minfo\u001b[39m","message":"{\"method\":\"GET\",\"url\":\"/api-docs/swagger-ui.css\",\"status\":\"304\",\"responseTime\":\"1.611\"}","timestamp":"2026-02-05T18:36:06.634Z"}
{"level":"\u001b[32minfo\u001b[39m","message":"{\"method\":\"GET\",\"url\":\"/api-docs/swagger-ui-bundle.js\",\"status\":\"304\",\"responseTime\":\"1.414\"}","timestamp":"2026-02-05T18:36:06.637Z"}
{"level":"\u001b[32minfo\u001b[39m","message":"{\"method\":\"GET\",\"url\":\"/api-docs/swagger-ui-standalone-preset.js\",\"status\":\"304\",\"responseTime\":\"0.612\"}","timestamp":"2026-02-05T18:36:06.639Z"}
{"level":"\u001b[32minfo\u001b[39m","message":"{\"method\":\"GET\",\"url\":\"/api-docs/swagger-ui-init.js\",\"status\":\"304\",\"responseTime\":\"0.194\"}","timestamp":"2026-02-05T18:36:06.640Z"}
{"level":"\u001b[32minfo\u001b[39m","message":"{\"method\":\"GET\",\"url\":\"/api-docs/favicon-32x32.png\",\"status\":\"304\",\"responseTime\":\"0.520\"}","timestamp":"2026-02-05T18:36:06.689Z"}
{"level":"\u001b[32minfo\u001b[39m","message":"{\"method\":\"GET\",\"url\":\"/api-docs/\",\"status\":\"200\",\"responseTime\":\"2.433\"}","timestamp":"2026-02-05T18:38:25.785Z"}
{"level":"\u001b[32minfo\u001b[39m","message":"{\"method\":\"GET\",\"url\":\"/api-docs/swagger-ui.css\",\"status\":\"200\",\"responseTime\":\"2.056\"}","timestamp":"2026-02-05T18:38:25.805Z"}
{"level":"\u001b[32minfo\u001b[39m","message":"{\"method\":\"GET\",\"url\":\"/api-docs/swagger-ui-init.js\",\"status\":\"200\",\"responseTime\":\"0.176\"}","timestamp":"2026-02-05T18:38:25.809Z"}
{"level":"\u001b[32minfo\u001b[39m","message":"{\"method\":\"GET\",\"url\":\"/api-docs/swagger-ui-standalone-preset.js\",\"status\":\"200\",\"responseTime\":\"4.810\"}","timestamp":"2026-02-05T18:38:25.815Z"}
{"level":"\u001b[32minfo\u001b[39m","message":"{\"method\":\"GET\",\"url\":\"/api-docs/swagger-ui-bundle.js\",\"status\":\"200\",\"responseTime\":\"5.508\"}","timestamp":"2026-02-05T18:38:25.821Z"}
{"level":"\u001b[32minfo\u001b[39m","message":"{\"method\":\"GET\",\"url\":\"/api-docs/favicon-32x32.png\",\"status\":\"200\",\"responseTime\":\"0.760\"}","timestamp":"2026-02-05T18:38:25.924Z"}
{"level":"\u001b[32minfo\u001b[39m","message":"{\"method\":\"GET\",\"url\":\"/api-docs/\",\"status\":\"200\",\"responseTime\":\"1.049\"}","timestamp":"2026-02-05T18:38:27.319Z"}
{"level":"\u001b[32minfo\u001b[39m","message":"{\"method\":\"GET\",\"url\":\"/api-docs/swagger-ui-init.js\",\"status\":\"200\",\"responseTime\":\"0.253\"}","timestamp":"2026-02-05T18:38:27.348Z"}
{"level":"\u001b[32minfo\u001b[39m","message":"{\"method\":\"GET\",\"url\":\"/api-docs/swagger-ui.css\",\"status\":\"200\",\"responseTime\":\"5.154\"}","timestamp":"2026-02-05T18:38:27.350Z"}
{"level":"\u001b[32minfo\u001b[39m","message":"{\"method\":\"GET\",\"url\":\"/api-docs/swagger-ui-standalone-preset.js\",\"status\":\"200\",\"responseTime\":\"5.115\"}","timestamp":"2026-02-05T18:38:27.353Z"}
{"level":"\u001b[32minfo\u001b[39m","message":"{\"method\":\"GET\",\"url\":\"/api-docs/swagger-ui-bundle.js\",\"status\":\"200\",\"responseTime\":\"5.192\"}","timestamp":"2026-02-05T18:38:27.358Z"}
{"level":"\u001b[32minfo\u001b[39m","message":"{\"method\":\"GET\",\"url\":\"/api-docs/favicon-32x32.png\",\"status\":\"200\",\"responseTime\":\"0.764\"}","timestamp":"2026-02-05T18:38:27.456Z"}
{"level":"\u001b[33mwarn\u001b[39m","message":"","timestamp":"2026-02-05T18:39:12.409Z"}
{"level":"\u001b[33mwarn\u001b[39m","timestamp":"2026-02-05T18:39:21.018Z"}
{"level":"\u001b[33mwarn\u001b[39m","timestamp":"2026-02-05T18:39:23.267Z"}
{"level":"\u001b[33mwarn\u001b[39m","timestamp":"2026-02-05T18:40:30.879Z"}
{"level":"\u001b[33mwarn\u001b[39m","timestamp":"2026-02-05T18:40:49.917Z"}
{"level":"\u001b[33mwarn\u001b[39m","timestamp":"2026-02-05T18:41:37.527Z"}
{"level":"\u001b[33mwarn\u001b[39m","timestamp":"2026-02-05T18:41:40.116Z"}
{"level":"\u001b[33mwarn\u001b[39m","timestamp":"2026-02-05T18:41:41.307Z"}
{"level":"\u001b[33mwarn\u001b[39m","timestamp":"2026-02-05T18:41:43.033Z"}
{"level":"\u001b[32minfo\u001b[39m","message":"{\"method\":\"GET\",\"url\":\"/api-docs/\",\"status\":\"200\",\"responseTime\":\"4.405\"}","timestamp":"2026-02-05T18:42:01.284Z"}
{"level":"\u001b[32minfo\u001b[39m","message":"{\"method\":\"GET\",\"url\":\"/api-docs/swagger-ui-init.js\",\"status\":\"200\",\"responseTime\":\"0.163\"}","timestamp":"2026-02-05T18:42:01.301Z"}
{"level":"\u001b[32minfo\u001b[39m","message":"{\"method\":\"GET\",\"url\":\"/api-docs/swagger-ui.css\",\"status\":\"200\",\"responseTime\":\"4.888\"}","timestamp":"2026-02-05T18:42:01.308Z"}
{"level":"\u001b[32minfo\u001b[39m","message":"{\"method\":\"GET\",\"url\":\"/api-docs/swagger-ui-standalone-preset.js\",\"status\":\"200\",\"responseTime\":\"6.517\"}","timestamp":"2026-02-05T18:42:01.313Z"}
{"level":"\u001b[32minfo\u001b[39m","message":"{\"method\":\"GET\",\"url\":\"/api-docs/swagger-ui-bundle.js\",\"status\":\"200\",\"responseTime\":\"6.104\"}","timestamp":"2026-02-05T18:42:01.319Z"}
{"level":"\u001b[32minfo\u001b[39m","message":"{\"method\":\"GET\",\"url\":\"/api-docs/favicon-32x32.png\",\"status\":\"200\",\"responseTime\":\"0.831\"}","timestamp":"2026-02-05T18:42:01.489Z"}
{"level":"\u001b[33mwarn\u001b[39m","timestamp":"2026-02-05T18:42:43.985Z"}
{"level":"\u001b[33mwarn\u001b[39m","timestamp":"2026-02-05T18:43:09.772Z"}
{"level":"\u001b[32minfo\u001b[39m","message":"{\"method\":\"GET\",\"url\":\"/api-docs/\",\"status\":\"200\",\"responseTime\":\"4.169\"}","timestamp":"2026-02-05T18:43:24.565Z"}
{"level":"\u001b[32minfo\u001b[39m","message":"{\"method\":\"GET\",\"url\":\"/api-docs/swagger-ui-init.js\",\"status\":\"200\",\"responseTime\":\"0.166\"}","timestamp":"2026-02-05T18:43:24.585Z"}
{"level":"\u001b[32minfo\u001b[39m","message":"{\"method\":\"GET\",\"url\":\"/api-docs/swagger-ui.css\",\"status\":\"200\",\"responseTime\":\"6.795\"}","timestamp":"2026-02-05T18:43:24.589Z"}
{"level":"\u001b[32minfo\u001b[39m","message":"{\"method\":\"GET\",\"url\":\"/api-docs/swagger-ui-standalone-preset.js\",\"status\":\"200\",\"responseTime\":\"5.061\"}","timestamp":"2026-02-05T18:43:24.595Z"}
{"level":"\u001b[32minfo\u001b[39m","message":"{\"method\":\"GET\",\"url\":\"/api-docs/swagger-ui-bundle.js\",\"status\":\"200\",\"responseTime\":\"6.957\"}","timestamp":"2026-02-05T18:43:24.601Z"}
{"level":"\u001b[32minfo\u001b[39m","message":"{\"method\":\"GET\",\"url\":\"/api-docs/favicon-32x32.png\",\"status\":\"200\",\"responseTime\":\"0.756\"}","timestamp":"2026-02-05T18:43:24.702Z"}
{"level":"\u001b[33mwarn\u001b[39m","timestamp":"2026-02-05T18:43:52.079Z"}
{"level":"\u001b[33mwarn\u001b[39m","timestamp":"2026-02-05T18:46:00.313Z"}
{"level":"\u001b[33mwarn\u001b[39m","timestamp":"2026-02-05T18:46:15.709Z"}
{"level":"\u001b[33mwarn\u001b[39m","timestamp":"2026-02-05T18:46:19.503Z"}
{"level":"\u001b[32minfo\u001b[39m","message":"{\"method\":\"GET\",\"url\":\"/api-docs/\",\"status\":\"200\",\"responseTime\":\"3.257\"}","timestamp":"2026-02-05T18:46:38.710Z"}
{"level":"\u001b[32minfo\u001b[39m","message":"{\"method\":\"GET\",\"url\":\"/api-docs/swagger-ui.css\",\"status\":\"200\",\"responseTime\":\"2.886\"}","timestamp":"2026-02-05T18:46:38.728Z"}
{"level":"\u001b[32minfo\u001b[39m","message":"{\"method\":\"GET\",\"url\":\"/api-docs/swagger-ui-init.js\",\"status\":\"200\",\"responseTime\":\"0.149\"}","timestamp":"2026-02-05T18:46:38.730Z"}
{"level":"\u001b[32minfo\u001b[39m","message":"{\"method\":\"GET\",\"url\":\"/api-docs/swagger-ui-standalone-preset.js\",\"status\":\"200\",\"responseTime\":\"4.813\"}","timestamp":"2026-02-05T18:46:38.735Z"}
{"level":"\u001b[32minfo\u001b[39m","message":"{\"method\":\"GET\",\"url\":\"/api-docs/swagger-ui-bundle.js\",\"status\":\"200\",\"responseTime\":\"4.844\"}","timestamp":"2026-02-05T18:46:38.742Z"}
{"level":"\u001b[32minfo\u001b[39m","message":"{\"method\":\"GET\",\"url\":\"/api-docs/favicon-32x32.png\",\"status\":\"200\",\"responseTime\":\"0.678\"}","timestamp":"2026-02-05T18:46:38.860Z"}
{"level":"\u001b[32minfo\u001b[39m","message":"{\"method\":\"GET\",\"url\":\"/api/v1/healthcheck\",\"status\":\"200\",\"responseTime\":\"0.971\"}","timestamp":"2026-02-05T18:46:56.477Z"}
{"level":"\u001b[32minfo\u001b[39m","message":"{\"method\":\"GET\",\"url\":\"/api/v1/healthcheck\",\"status\":\"304\",\"responseTime\":\"0.743\"}","timestamp":"2026-02-05T18:47:02.530Z"}
